<?xml version="1.0" encoding="UTF-8"?>
<!-- Generated by org.testng.reporters.JUnitXMLReporter -->
<testsuite hostname="jk-HP-Pavilion-15-Notebook-PC" name="Command line test" tests="58" failures="0" timestamp="12 Jul 2020 12:30:37 GMT" time="7.287" errors="0">
  <testcase name="testValidGetBookingId" time="0.043" classname="com.mindtree.ticketshere.controller.CancelBookingControllerTest"/>
  <testcase name="testValidisPresent" time="0.017" classname="com.mindtree.ticketshere.controller.CancelBookingControllerTest"/>
  <testcase name="testinValidisPresent" time="0.104" classname="com.mindtree.ticketshere.controller.CancelBookingControllerTest"/>
  <testcase name="showTest" time="0.212" classname="com.mindtree.ticketshere.Dao.EventDaoImplTest"/>
  <testcase name="showengTest" time="0.025" classname="com.mindtree.ticketshere.Dao.EventDaoImplTest"/>
  <testcase name="showhinTest" time="0.004" classname="com.mindtree.ticketshere.Dao.EventDaoImplTest"/>
  <testcase name="showtelTest" time="0.014" classname="com.mindtree.ticketshere.Dao.EventDaoImplTest"/>
  <testcase name="displayTesting" time="0.0" classname="com.mindtree.ticketshere.service.EventServiceTest"/>
  <testcase name="displayengTesting" time="0.0" classname="com.mindtree.ticketshere.service.EventServiceTest"/>
  <testcase name="displayhinTesting" time="0.0" classname="com.mindtree.ticketshere.service.EventServiceTest"/>
  <testcase name="displaytelTesting" time="0.0" classname="com.mindtree.ticketshere.service.EventServiceTest"/>
  <testcase name="test" time="0.122" classname="com.mindtree.ticketshere.controller.FeedbackControllerTest"/>
  <testcase name="getenglishTesting" time="0.001" classname="com.mindtree.ticketshere.controller.FilterControllerTest"/>
  <testcase name="gethindiTesting" time="0.001" classname="com.mindtree.ticketshere.controller.FilterControllerTest"/>
  <testcase name="getlanguageTesting" time="0.001" classname="com.mindtree.ticketshere.controller.FilterControllerTest"/>
  <testcase name="getteluguTesting" time="0.0" classname="com.mindtree.ticketshere.controller.FilterControllerTest"/>
  <testcase name="test" time="0.001" classname="com.mindtree.ticketshere.controller.ForgotPasswordControllerTest"/>
  <testcase name="test1" time="0.001" classname="com.mindtree.ticketshere.controller.ForgotPasswordControllerTest"/>
  <testcase name="test2" time="0.001" classname="com.mindtree.ticketshere.controller.ForgotPasswordControllerTest"/>
  <testcase name="test3" time="0.001" classname="com.mindtree.ticketshere.controller.ForgotPasswordControllerTest"/>
  <testcase name="isPresentFalse" time="0.001" classname="com.mindtree.ticketshere.service.ForgotPasswordServiceTest"/>
  <testcase name="isPresentTrue" time="0.0" classname="com.mindtree.ticketshere.service.ForgotPasswordServiceTest"/>
  <testcase name="updatePasswordTest" time="0.0" classname="com.mindtree.ticketshere.service.ForgotPasswordServiceTest"/>
  <testcase name="verifyOtpTestInvalid" time="0.001" classname="com.mindtree.ticketshere.service.ForgotPasswordServiceTest"/>
  <testcase name="isPresentOrganizerTest" time="0.006" classname="com.mindtree.ticketshere.Dao.LoginSignUpDaoTest"/>
  <testcase name="isPresentTest" time="0.005" classname="com.mindtree.ticketshere.Dao.LoginSignUpDaoTest"/>
  <testcase name="isValidOrgainizerTest" time="0.002" classname="com.mindtree.ticketshere.Dao.LoginSignUpDaoTest"/>
  <testcase name="isValidTest" time="0.002" classname="com.mindtree.ticketshere.Dao.LoginSignUpDaoTest"/>
  <testcase name="testInValidSignupOrganiser" time="0.001" classname="com.mindtree.ticketshere.controller.LoginSignupControllerTest"/>
  <testcase name="testInvalidLogin" time="0.001" classname="com.mindtree.ticketshere.controller.LoginSignupControllerTest"/>
  <testcase name="testInvalidLoginOrganizer" time="0.001" classname="com.mindtree.ticketshere.controller.LoginSignupControllerTest"/>
  <testcase name="testInvalidLoginOrganizer2" time="0.0" classname="com.mindtree.ticketshere.controller.LoginSignupControllerTest"/>
  <testcase name="testValidSignup" time="0.002" classname="com.mindtree.ticketshere.controller.LoginSignupControllerTest"/>
  <testcase name="testValidSignupOrganiser" time="0.002" classname="com.mindtree.ticketshere.controller.LoginSignupControllerTest"/>
  <testcase name="testinValidSignup" time="0.001" classname="com.mindtree.ticketshere.controller.LoginSignupControllerTest"/>
  <testcase name="isPresentOrganizerTestFalse" time="0.0" classname="com.mindtree.ticketshere.service.LoginSignupServiceTest"/>
  <testcase name="isPresentOrganizerTestTrue" time="0.0" classname="com.mindtree.ticketshere.service.LoginSignupServiceTest"/>
  <testcase name="isPresentUserTestFalse" time="0.0" classname="com.mindtree.ticketshere.service.LoginSignupServiceTest"/>
  <testcase name="isPresentUserTestTrue" time="0.001" classname="com.mindtree.ticketshere.service.LoginSignupServiceTest"/>
  <testcase name="isValidOrganizerTestFalse" time="0.001" classname="com.mindtree.ticketshere.service.LoginSignupServiceTest"/>
  <testcase name="isValidOrganizerTestTrue" time="0.0" classname="com.mindtree.ticketshere.service.LoginSignupServiceTest"/>
  <testcase name="isValidUserTestFalse" time="0.001" classname="com.mindtree.ticketshere.service.LoginSignupServiceTest"/>
  <testcase name="isValidUserTestTrue" time="0.0" classname="com.mindtree.ticketshere.service.LoginSignupServiceTest"/>
  <testcase name="searchTest" time="0.001" classname="com.mindtree.ticketshere.controller.SearchControllerTest"/>
  <testcase name="getAllEventTest" time="0.005" classname="com.mindtree.ticketshere.Dao.SearchDaoTest"/>
  <testcase name="getAllVenueTest" time="0.004" classname="com.mindtree.ticketshere.Dao.SearchDaoTest"/>
  <testcase name="getEventByTypeTest" time="0.007" classname="com.mindtree.ticketshere.Dao.SearchDaoTest"/>
  <testcase name="getEventByVenueTest" time="0.064" classname="com.mindtree.ticketshere.Dao.SearchDaoTest"/>
  <testcase name="getAllEventTest" time="0.001" classname="com.mindtree.ticketshere.service.SearchServiceTest"/>
  <testcase name="getParticularEventTest" time="0.002" classname="com.mindtree.ticketshere.service.SearchServiceTest"/>
  <testcase name="getSpecificEventTesting" time="0.0" classname="com.mindtree.ticketshere.controller.TicketsHereControllerTest"/>
  <testcase name="ticketsHereTesting" time="0.0" classname="com.mindtree.ticketshere.controller.TicketsHereControllerTest"/>
  <testcase name="updateTicketTesting" time="0.001" classname="com.mindtree.ticketshere.controller.TicketsHereControllerTest"/>
  <testcase name="getEventTest" time="0.006" classname="com.mindtree.ticketshere.Dao.TicketsHereDaoImplTest"/>
  <testcase name="getSpecificEventTest" time="0.005" classname="com.mindtree.ticketshere.Dao.TicketsHereDaoImplTest"/>
  <testcase name="getSpecificEventTesting" time="0.001" classname="com.mindtree.ticketshere.service.TicketsHereServiceImplTest"/>
  <testcase name="ticketsHereTesting" time="0.001" classname="com.mindtree.ticketshere.service.TicketsHereServiceImplTest"/>
  <testcase name="updateTicketTesting" time="0.003" classname="com.mindtree.ticketshere.service.TicketsHereServiceImplTest"/>
</testsuite> <!-- Command line test -->
