<?xml version="1.0" encoding="UTF-8"?>
<testng-results skipped="0" failed="0" total="58" passed="58">
  <reporter-output>
  </reporter-output>
  <suite name="Command line suite" duration-ms="7287" started-at="2020-07-12T12:30:29Z" finished-at="2020-07-12T12:30:37Z">
    <groups>
    </groups>
    <test name="Command line test" duration-ms="7287" started-at="2020-07-12T12:30:29Z" finished-at="2020-07-12T12:30:37Z">
      <class name="com.mindtree.ticketshere.controller.FeedbackControllerTest">
        <test-method status="PASS" signature="tsetSetup()[pri:0, instance:com.mindtree.ticketshere.controller.FeedbackControllerTest@2e62ead7]" name="tsetSetup" is-config="true" duration-ms="39" started-at="2020-07-12T18:00:36Z" finished-at="2020-07-12T18:00:36Z">
          <reporter-output>
          </reporter-output>
        </test-method> <!-- tsetSetup -->
        <test-method status="PASS" signature="test()[pri:0, instance:com.mindtree.ticketshere.controller.FeedbackControllerTest@2e62ead7]" name="test" duration-ms="122" started-at="2020-07-12T18:00:36Z" finished-at="2020-07-12T18:00:36Z">
          <reporter-output>
          </reporter-output>
        </test-method> <!-- test -->
      </class> <!-- com.mindtree.ticketshere.controller.FeedbackControllerTest -->
      <class name="com.mindtree.ticketshere.service.SearchServiceTest">
        <test-method status="PASS" signature="before()[pri:0, instance:com.mindtree.ticketshere.service.SearchServiceTest@54e43bfe]" name="before" is-config="true" duration-ms="8" started-at="2020-07-12T18:00:37Z" finished-at="2020-07-12T18:00:37Z">
          <reporter-output>
          </reporter-output>
        </test-method> <!-- before -->
        <test-method status="PASS" signature="getAllEventTest()[pri:0, instance:com.mindtree.ticketshere.service.SearchServiceTest@54e43bfe]" name="getAllEventTest" duration-ms="1" started-at="2020-07-12T18:00:37Z" finished-at="2020-07-12T18:00:37Z">
          <reporter-output>
          </reporter-output>
        </test-method> <!-- getAllEventTest -->
        <test-method status="PASS" signature="getParticularEventTest()[pri:0, instance:com.mindtree.ticketshere.service.SearchServiceTest@54e43bfe]" name="getParticularEventTest" duration-ms="2" started-at="2020-07-12T18:00:37Z" finished-at="2020-07-12T18:00:37Z">
          <reporter-output>
          </reporter-output>
        </test-method> <!-- getParticularEventTest -->
      </class> <!-- com.mindtree.ticketshere.service.SearchServiceTest -->
      <class name="com.mindtree.ticketshere.controller.SearchControllerTest">
        <test-method status="PASS" signature="before()[pri:0, instance:com.mindtree.ticketshere.controller.SearchControllerTest@649f25f3]" name="before" is-config="true" duration-ms="10" started-at="2020-07-12T18:00:37Z" finished-at="2020-07-12T18:00:37Z">
          <reporter-output>
          </reporter-output>
        </test-method> <!-- before -->
        <test-method status="PASS" signature="searchTest()[pri:0, instance:com.mindtree.ticketshere.controller.SearchControllerTest@649f25f3]" name="searchTest" duration-ms="1" started-at="2020-07-12T18:00:37Z" finished-at="2020-07-12T18:00:37Z">
          <reporter-output>
          </reporter-output>
        </test-method> <!-- searchTest -->
      </class> <!-- com.mindtree.ticketshere.controller.SearchControllerTest -->
      <class name="com.mindtree.ticketshere.service.TicketsHereServiceImplTest">
        <test-method status="PASS" signature="init()[pri:0, instance:com.mindtree.ticketshere.service.TicketsHereServiceImplTest@ab24484]" name="init" is-config="true" duration-ms="12" started-at="2020-07-12T18:00:37Z" finished-at="2020-07-12T18:00:37Z">
          <reporter-output>
          </reporter-output>
        </test-method> <!-- init -->
        <test-method status="PASS" signature="getSpecificEventTesting()[pri:0, instance:com.mindtree.ticketshere.service.TicketsHereServiceImplTest@ab24484]" name="getSpecificEventTesting" duration-ms="1" started-at="2020-07-12T18:00:37Z" finished-at="2020-07-12T18:00:37Z">
          <reporter-output>
          </reporter-output>
        </test-method> <!-- getSpecificEventTesting -->
        <test-method status="PASS" signature="ticketsHereTesting()[pri:0, instance:com.mindtree.ticketshere.service.TicketsHereServiceImplTest@ab24484]" name="ticketsHereTesting" duration-ms="1" started-at="2020-07-12T18:00:37Z" finished-at="2020-07-12T18:00:37Z">
          <reporter-output>
          </reporter-output>
        </test-method> <!-- ticketsHereTesting -->
        <test-method status="PASS" signature="updateTicketTesting()[pri:0, instance:com.mindtree.ticketshere.service.TicketsHereServiceImplTest@ab24484]" name="updateTicketTesting" duration-ms="3" started-at="2020-07-12T18:00:37Z" finished-at="2020-07-12T18:00:37Z">
          <reporter-output>
          </reporter-output>
        </test-method> <!-- updateTicketTesting -->
      </class> <!-- com.mindtree.ticketshere.service.TicketsHereServiceImplTest -->
      <class name="com.mindtree.ticketshere.controller.TicketsHereControllerTest">
        <test-method status="PASS" signature="init()[pri:0, instance:com.mindtree.ticketshere.controller.TicketsHereControllerTest@3290b1a6]" name="init" is-config="true" duration-ms="17" started-at="2020-07-12T18:00:37Z" finished-at="2020-07-12T18:00:37Z">
          <reporter-output>
          </reporter-output>
        </test-method> <!-- init -->
        <test-method status="PASS" signature="getSpecificEventTesting()[pri:0, instance:com.mindtree.ticketshere.controller.TicketsHereControllerTest@3290b1a6]" name="getSpecificEventTesting" duration-ms="0" started-at="2020-07-12T18:00:37Z" finished-at="2020-07-12T18:00:37Z">
          <reporter-output>
          </reporter-output>
        </test-method> <!-- getSpecificEventTesting -->
        <test-method status="PASS" signature="ticketsHereTesting()[pri:0, instance:com.mindtree.ticketshere.controller.TicketsHereControllerTest@3290b1a6]" name="ticketsHereTesting" duration-ms="0" started-at="2020-07-12T18:00:37Z" finished-at="2020-07-12T18:00:37Z">
          <reporter-output>
          </reporter-output>
        </test-method> <!-- ticketsHereTesting -->
        <test-method status="PASS" signature="updateTicketTesting()[pri:0, instance:com.mindtree.ticketshere.controller.TicketsHereControllerTest@3290b1a6]" name="updateTicketTesting" duration-ms="1" started-at="2020-07-12T18:00:37Z" finished-at="2020-07-12T18:00:37Z">
          <reporter-output>
          </reporter-output>
        </test-method> <!-- updateTicketTesting -->
      </class> <!-- com.mindtree.ticketshere.controller.TicketsHereControllerTest -->
      <class name="com.mindtree.ticketshere.Dao.LoginSignUpDaoTest">
        <test-method status="PASS" signature="springTestContextPrepareTestInstance()[pri:0, instance:com.mindtree.ticketshere.Dao.LoginSignUpDaoTest@32faa16c]" name="springTestContextPrepareTestInstance" is-config="true" duration-ms="10" started-at="2020-07-12T18:00:36Z" depends-on-methods="org.springframework.test.context.testng.AbstractTestNGSpringContextTests.springTestContextBeforeTestClass" finished-at="2020-07-12T18:00:36Z">
          <reporter-output>
          </reporter-output>
        </test-method> <!-- springTestContextPrepareTestInstance -->
        <test-method status="PASS" signature="springTestContextBeforeTestClass()[pri:0, instance:com.mindtree.ticketshere.Dao.LoginSignUpDaoTest@32faa16c]" name="springTestContextBeforeTestClass" is-config="true" duration-ms="0" started-at="2020-07-12T18:00:36Z" finished-at="2020-07-12T18:00:36Z">
          <reporter-output>
          </reporter-output>
        </test-method> <!-- springTestContextBeforeTestClass -->
        <test-method status="PASS" signature="testSetUp()[pri:0, instance:com.mindtree.ticketshere.Dao.LoginSignUpDaoTest@32faa16c]" name="testSetUp" is-config="true" duration-ms="0" started-at="2020-07-12T18:00:36Z" finished-at="2020-07-12T18:00:36Z">
          <reporter-output>
          </reporter-output>
        </test-method> <!-- testSetUp -->
        <test-method status="PASS" signature="springTestContextBeforeTestMethod(java.lang.reflect.Method)[pri:0, instance:com.mindtree.ticketshere.Dao.LoginSignUpDaoTest@32faa16c]" name="springTestContextBeforeTestMethod" is-config="true" duration-ms="4" started-at="2020-07-12T18:00:36Z" finished-at="2020-07-12T18:00:36Z">
          <params>
            <param index="0">
              <value>
                <![CDATA[public void com.mindtree.ticketshere.Dao.LoginSignUpDaoTest.isPresentOrganizerTest()]]>
              </value>
            </param>
          </params>
          <reporter-output>
          </reporter-output>
        </test-method> <!-- springTestContextBeforeTestMethod -->
        <test-method status="PASS" signature="set()[pri:0, instance:com.mindtree.ticketshere.Dao.LoginSignUpDaoTest@32faa16c]" name="set" is-config="true" duration-ms="3" started-at="2020-07-12T18:00:36Z" finished-at="2020-07-12T18:00:36Z">
          <reporter-output>
          </reporter-output>
        </test-method> <!-- set -->
        <test-method status="PASS" signature="isPresentOrganizerTest()[pri:0, instance:com.mindtree.ticketshere.Dao.LoginSignUpDaoTest@32faa16c]" name="isPresentOrganizerTest" duration-ms="6" started-at="2020-07-12T18:00:36Z" finished-at="2020-07-12T18:00:36Z">
          <reporter-output>
          </reporter-output>
        </test-method> <!-- isPresentOrganizerTest -->
        <test-method status="PASS" signature="springTestContextAfterTestMethod(java.lang.reflect.Method)[pri:0, instance:com.mindtree.ticketshere.Dao.LoginSignUpDaoTest@32faa16c]" name="springTestContextAfterTestMethod" is-config="true" duration-ms="2" started-at="2020-07-12T18:00:36Z" finished-at="2020-07-12T18:00:36Z">
          <params>
            <param index="0">
              <value>
                <![CDATA[public void com.mindtree.ticketshere.Dao.LoginSignUpDaoTest.isPresentOrganizerTest()]]>
              </value>
            </param>
          </params>
          <reporter-output>
          </reporter-output>
        </test-method> <!-- springTestContextAfterTestMethod -->
        <test-method status="PASS" signature="springTestContextBeforeTestMethod(java.lang.reflect.Method)[pri:0, instance:com.mindtree.ticketshere.Dao.LoginSignUpDaoTest@32faa16c]" name="springTestContextBeforeTestMethod" is-config="true" duration-ms="4" started-at="2020-07-12T18:00:36Z" finished-at="2020-07-12T18:00:36Z">
          <params>
            <param index="0">
              <value>
                <![CDATA[public void com.mindtree.ticketshere.Dao.LoginSignUpDaoTest.isPresentTest()]]>
              </value>
            </param>
          </params>
          <reporter-output>
          </reporter-output>
        </test-method> <!-- springTestContextBeforeTestMethod -->
        <test-method status="PASS" signature="set()[pri:0, instance:com.mindtree.ticketshere.Dao.LoginSignUpDaoTest@32faa16c]" name="set" is-config="true" duration-ms="3" started-at="2020-07-12T18:00:36Z" finished-at="2020-07-12T18:00:36Z">
          <reporter-output>
          </reporter-output>
        </test-method> <!-- set -->
        <test-method status="PASS" signature="isPresentTest()[pri:0, instance:com.mindtree.ticketshere.Dao.LoginSignUpDaoTest@32faa16c]" name="isPresentTest" duration-ms="5" started-at="2020-07-12T18:00:36Z" finished-at="2020-07-12T18:00:36Z">
          <reporter-output>
          </reporter-output>
        </test-method> <!-- isPresentTest -->
        <test-method status="PASS" signature="springTestContextAfterTestMethod(java.lang.reflect.Method)[pri:0, instance:com.mindtree.ticketshere.Dao.LoginSignUpDaoTest@32faa16c]" name="springTestContextAfterTestMethod" is-config="true" duration-ms="3" started-at="2020-07-12T18:00:36Z" finished-at="2020-07-12T18:00:36Z">
          <params>
            <param index="0">
              <value>
                <![CDATA[public void com.mindtree.ticketshere.Dao.LoginSignUpDaoTest.isPresentTest()]]>
              </value>
            </param>
          </params>
          <reporter-output>
          </reporter-output>
        </test-method> <!-- springTestContextAfterTestMethod -->
        <test-method status="PASS" signature="springTestContextBeforeTestMethod(java.lang.reflect.Method)[pri:0, instance:com.mindtree.ticketshere.Dao.LoginSignUpDaoTest@32faa16c]" name="springTestContextBeforeTestMethod" is-config="true" duration-ms="4" started-at="2020-07-12T18:00:36Z" finished-at="2020-07-12T18:00:36Z">
          <params>
            <param index="0">
              <value>
                <![CDATA[public void com.mindtree.ticketshere.Dao.LoginSignUpDaoTest.isValidOrgainizerTest()]]>
              </value>
            </param>
          </params>
          <reporter-output>
          </reporter-output>
        </test-method> <!-- springTestContextBeforeTestMethod -->
        <test-method status="PASS" signature="set()[pri:0, instance:com.mindtree.ticketshere.Dao.LoginSignUpDaoTest@32faa16c]" name="set" is-config="true" duration-ms="3" started-at="2020-07-12T18:00:36Z" finished-at="2020-07-12T18:00:36Z">
          <reporter-output>
          </reporter-output>
        </test-method> <!-- set -->
        <test-method status="PASS" signature="isValidOrgainizerTest()[pri:0, instance:com.mindtree.ticketshere.Dao.LoginSignUpDaoTest@32faa16c]" name="isValidOrgainizerTest" duration-ms="2" started-at="2020-07-12T18:00:36Z" finished-at="2020-07-12T18:00:36Z">
          <reporter-output>
          </reporter-output>
        </test-method> <!-- isValidOrgainizerTest -->
        <test-method status="PASS" signature="springTestContextAfterTestMethod(java.lang.reflect.Method)[pri:0, instance:com.mindtree.ticketshere.Dao.LoginSignUpDaoTest@32faa16c]" name="springTestContextAfterTestMethod" is-config="true" duration-ms="3" started-at="2020-07-12T18:00:36Z" finished-at="2020-07-12T18:00:36Z">
          <params>
            <param index="0">
              <value>
                <![CDATA[public void com.mindtree.ticketshere.Dao.LoginSignUpDaoTest.isValidOrgainizerTest()]]>
              </value>
            </param>
          </params>
          <reporter-output>
          </reporter-output>
        </test-method> <!-- springTestContextAfterTestMethod -->
        <test-method status="PASS" signature="springTestContextBeforeTestMethod(java.lang.reflect.Method)[pri:0, instance:com.mindtree.ticketshere.Dao.LoginSignUpDaoTest@32faa16c]" name="springTestContextBeforeTestMethod" is-config="true" duration-ms="4" started-at="2020-07-12T18:00:36Z" finished-at="2020-07-12T18:00:36Z">
          <params>
            <param index="0">
              <value>
                <![CDATA[public void com.mindtree.ticketshere.Dao.LoginSignUpDaoTest.isValidTest()]]>
              </value>
            </param>
          </params>
          <reporter-output>
          </reporter-output>
        </test-method> <!-- springTestContextBeforeTestMethod -->
        <test-method status="PASS" signature="set()[pri:0, instance:com.mindtree.ticketshere.Dao.LoginSignUpDaoTest@32faa16c]" name="set" is-config="true" duration-ms="3" started-at="2020-07-12T18:00:36Z" finished-at="2020-07-12T18:00:36Z">
          <reporter-output>
          </reporter-output>
        </test-method> <!-- set -->
        <test-method status="PASS" signature="isValidTest()[pri:0, instance:com.mindtree.ticketshere.Dao.LoginSignUpDaoTest@32faa16c]" name="isValidTest" duration-ms="2" started-at="2020-07-12T18:00:36Z" finished-at="2020-07-12T18:00:36Z">
          <reporter-output>
          </reporter-output>
        </test-method> <!-- isValidTest -->
        <test-method status="PASS" signature="springTestContextAfterTestMethod(java.lang.reflect.Method)[pri:0, instance:com.mindtree.ticketshere.Dao.LoginSignUpDaoTest@32faa16c]" name="springTestContextAfterTestMethod" is-config="true" duration-ms="3" started-at="2020-07-12T18:00:36Z" finished-at="2020-07-12T18:00:36Z">
          <params>
            <param index="0">
              <value>
                <![CDATA[public void com.mindtree.ticketshere.Dao.LoginSignUpDaoTest.isValidTest()]]>
              </value>
            </param>
          </params>
          <reporter-output>
          </reporter-output>
        </test-method> <!-- springTestContextAfterTestMethod -->
        <test-method status="PASS" signature="springTestContextAfterTestClass()[pri:0, instance:com.mindtree.ticketshere.Dao.LoginSignUpDaoTest@32faa16c]" name="springTestContextAfterTestClass" is-config="true" duration-ms="0" started-at="2020-07-12T18:00:36Z" finished-at="2020-07-12T18:00:36Z">
          <reporter-output>
          </reporter-output>
        </test-method> <!-- springTestContextAfterTestClass -->
      </class> <!-- com.mindtree.ticketshere.Dao.LoginSignUpDaoTest -->
      <class name="com.mindtree.ticketshere.Dao.TicketsHereDaoImplTest">
        <test-method status="PASS" signature="springTestContextPrepareTestInstance()[pri:0, instance:com.mindtree.ticketshere.Dao.TicketsHereDaoImplTest@bf75b5c]" name="springTestContextPrepareTestInstance" is-config="true" duration-ms="12" started-at="2020-07-12T18:00:37Z" depends-on-methods="org.springframework.test.context.testng.AbstractTestNGSpringContextTests.springTestContextBeforeTestClass" finished-at="2020-07-12T18:00:37Z">
          <reporter-output>
          </reporter-output>
        </test-method> <!-- springTestContextPrepareTestInstance -->
        <test-method status="PASS" signature="springTestContextBeforeTestClass()[pri:0, instance:com.mindtree.ticketshere.Dao.TicketsHereDaoImplTest@bf75b5c]" name="springTestContextBeforeTestClass" is-config="true" duration-ms="0" started-at="2020-07-12T18:00:37Z" finished-at="2020-07-12T18:00:37Z">
          <reporter-output>
          </reporter-output>
        </test-method> <!-- springTestContextBeforeTestClass -->
        <test-method status="PASS" signature="testSetUp()[pri:0, instance:com.mindtree.ticketshere.Dao.TicketsHereDaoImplTest@bf75b5c]" name="testSetUp" is-config="true" duration-ms="0" started-at="2020-07-12T18:00:37Z" finished-at="2020-07-12T18:00:37Z">
          <reporter-output>
          </reporter-output>
        </test-method> <!-- testSetUp -->
        <test-method status="PASS" signature="springTestContextBeforeTestMethod(java.lang.reflect.Method)[pri:0, instance:com.mindtree.ticketshere.Dao.TicketsHereDaoImplTest@bf75b5c]" name="springTestContextBeforeTestMethod" is-config="true" duration-ms="4" started-at="2020-07-12T18:00:37Z" finished-at="2020-07-12T18:00:37Z">
          <params>
            <param index="0">
              <value>
                <![CDATA[public void com.mindtree.ticketshere.Dao.TicketsHereDaoImplTest.getEventTest()]]>
              </value>
            </param>
          </params>
          <reporter-output>
          </reporter-output>
        </test-method> <!-- springTestContextBeforeTestMethod -->
        <test-method status="PASS" signature="set()[pri:0, instance:com.mindtree.ticketshere.Dao.TicketsHereDaoImplTest@bf75b5c]" name="set" is-config="true" duration-ms="3" started-at="2020-07-12T18:00:37Z" finished-at="2020-07-12T18:00:37Z">
          <reporter-output>
          </reporter-output>
        </test-method> <!-- set -->
        <test-method status="PASS" signature="getEventTest()[pri:0, instance:com.mindtree.ticketshere.Dao.TicketsHereDaoImplTest@bf75b5c]" name="getEventTest" duration-ms="6" started-at="2020-07-12T18:00:37Z" finished-at="2020-07-12T18:00:37Z">
          <reporter-output>
          </reporter-output>
        </test-method> <!-- getEventTest -->
        <test-method status="PASS" signature="springTestContextAfterTestMethod(java.lang.reflect.Method)[pri:0, instance:com.mindtree.ticketshere.Dao.TicketsHereDaoImplTest@bf75b5c]" name="springTestContextAfterTestMethod" is-config="true" duration-ms="3" started-at="2020-07-12T18:00:37Z" finished-at="2020-07-12T18:00:37Z">
          <params>
            <param index="0">
              <value>
                <![CDATA[public void com.mindtree.ticketshere.Dao.TicketsHereDaoImplTest.getEventTest()]]>
              </value>
            </param>
          </params>
          <reporter-output>
          </reporter-output>
        </test-method> <!-- springTestContextAfterTestMethod -->
        <test-method status="PASS" signature="springTestContextBeforeTestMethod(java.lang.reflect.Method)[pri:0, instance:com.mindtree.ticketshere.Dao.TicketsHereDaoImplTest@bf75b5c]" name="springTestContextBeforeTestMethod" is-config="true" duration-ms="4" started-at="2020-07-12T18:00:37Z" finished-at="2020-07-12T18:00:37Z">
          <params>
            <param index="0">
              <value>
                <![CDATA[public void com.mindtree.ticketshere.Dao.TicketsHereDaoImplTest.getSpecificEventTest()]]>
              </value>
            </param>
          </params>
          <reporter-output>
          </reporter-output>
        </test-method> <!-- springTestContextBeforeTestMethod -->
        <test-method status="PASS" signature="set()[pri:0, instance:com.mindtree.ticketshere.Dao.TicketsHereDaoImplTest@bf75b5c]" name="set" is-config="true" duration-ms="4" started-at="2020-07-12T18:00:37Z" finished-at="2020-07-12T18:00:37Z">
          <reporter-output>
          </reporter-output>
        </test-method> <!-- set -->
        <test-method status="PASS" signature="getSpecificEventTest()[pri:0, instance:com.mindtree.ticketshere.Dao.TicketsHereDaoImplTest@bf75b5c]" name="getSpecificEventTest" duration-ms="5" started-at="2020-07-12T18:00:37Z" finished-at="2020-07-12T18:00:37Z">
          <reporter-output>
          </reporter-output>
        </test-method> <!-- getSpecificEventTest -->
        <test-method status="PASS" signature="springTestContextAfterTestMethod(java.lang.reflect.Method)[pri:0, instance:com.mindtree.ticketshere.Dao.TicketsHereDaoImplTest@bf75b5c]" name="springTestContextAfterTestMethod" is-config="true" duration-ms="3" started-at="2020-07-12T18:00:37Z" finished-at="2020-07-12T18:00:37Z">
          <params>
            <param index="0">
              <value>
                <![CDATA[public void com.mindtree.ticketshere.Dao.TicketsHereDaoImplTest.getSpecificEventTest()]]>
              </value>
            </param>
          </params>
          <reporter-output>
          </reporter-output>
        </test-method> <!-- springTestContextAfterTestMethod -->
        <test-method status="PASS" signature="springTestContextAfterTestClass()[pri:0, instance:com.mindtree.ticketshere.Dao.TicketsHereDaoImplTest@bf75b5c]" name="springTestContextAfterTestClass" is-config="true" duration-ms="1" started-at="2020-07-12T18:00:37Z" finished-at="2020-07-12T18:00:37Z">
          <reporter-output>
          </reporter-output>
        </test-method> <!-- springTestContextAfterTestClass -->
      </class> <!-- com.mindtree.ticketshere.Dao.TicketsHereDaoImplTest -->
      <class name="com.mindtree.ticketshere.controller.LoginSignupControllerTest">
        <test-method status="PASS" signature="tsetSetup()[pri:0, instance:com.mindtree.ticketshere.controller.LoginSignupControllerTest@3b98b809]" name="tsetSetup" is-config="true" duration-ms="65" started-at="2020-07-12T18:00:36Z" finished-at="2020-07-12T18:00:36Z">
          <reporter-output>
          </reporter-output>
        </test-method> <!-- tsetSetup -->
        <test-method status="PASS" signature="testInValidSignupOrganiser()[pri:0, instance:com.mindtree.ticketshere.controller.LoginSignupControllerTest@3b98b809]" name="testInValidSignupOrganiser" duration-ms="1" started-at="2020-07-12T18:00:36Z" finished-at="2020-07-12T18:00:37Z">
          <reporter-output>
          </reporter-output>
        </test-method> <!-- testInValidSignupOrganiser -->
        <test-method status="PASS" signature="testInvalidLogin()[pri:0, instance:com.mindtree.ticketshere.controller.LoginSignupControllerTest@3b98b809]" name="testInvalidLogin" duration-ms="1" started-at="2020-07-12T18:00:37Z" finished-at="2020-07-12T18:00:37Z">
          <reporter-output>
          </reporter-output>
        </test-method> <!-- testInvalidLogin -->
        <test-method status="PASS" signature="testInvalidLoginOrganizer()[pri:0, instance:com.mindtree.ticketshere.controller.LoginSignupControllerTest@3b98b809]" name="testInvalidLoginOrganizer" duration-ms="1" started-at="2020-07-12T18:00:37Z" finished-at="2020-07-12T18:00:37Z">
          <reporter-output>
          </reporter-output>
        </test-method> <!-- testInvalidLoginOrganizer -->
        <test-method status="PASS" signature="testInvalidLoginOrganizer2()[pri:0, instance:com.mindtree.ticketshere.controller.LoginSignupControllerTest@3b98b809]" name="testInvalidLoginOrganizer2" duration-ms="0" started-at="2020-07-12T18:00:37Z" finished-at="2020-07-12T18:00:37Z">
          <reporter-output>
          </reporter-output>
        </test-method> <!-- testInvalidLoginOrganizer2 -->
        <test-method status="PASS" signature="testValidSignup()[pri:0, instance:com.mindtree.ticketshere.controller.LoginSignupControllerTest@3b98b809]" name="testValidSignup" duration-ms="2" started-at="2020-07-12T18:00:37Z" finished-at="2020-07-12T18:00:37Z">
          <reporter-output>
          </reporter-output>
        </test-method> <!-- testValidSignup -->
        <test-method status="PASS" signature="testValidSignupOrganiser()[pri:0, instance:com.mindtree.ticketshere.controller.LoginSignupControllerTest@3b98b809]" name="testValidSignupOrganiser" duration-ms="2" started-at="2020-07-12T18:00:37Z" finished-at="2020-07-12T18:00:37Z">
          <reporter-output>
          </reporter-output>
        </test-method> <!-- testValidSignupOrganiser -->
        <test-method status="PASS" signature="testinValidSignup()[pri:0, instance:com.mindtree.ticketshere.controller.LoginSignupControllerTest@3b98b809]" name="testinValidSignup" duration-ms="1" started-at="2020-07-12T18:00:37Z" finished-at="2020-07-12T18:00:37Z">
          <reporter-output>
          </reporter-output>
        </test-method> <!-- testinValidSignup -->
      </class> <!-- com.mindtree.ticketshere.controller.LoginSignupControllerTest -->
      <class name="com.mindtree.ticketshere.controller.CancelBookingControllerTest">
        <test-method status="PASS" signature="tsetSetup()[pri:0, instance:com.mindtree.ticketshere.controller.CancelBookingControllerTest@67bf0480]" name="tsetSetup" is-config="true" duration-ms="1941" started-at="2020-07-12T18:00:30Z" finished-at="2020-07-12T18:00:31Z">
          <reporter-output>
          </reporter-output>
        </test-method> <!-- tsetSetup -->
        <test-method status="PASS" signature="testValidGetBookingId()[pri:0, instance:com.mindtree.ticketshere.controller.CancelBookingControllerTest@67bf0480]" name="testValidGetBookingId" duration-ms="43" started-at="2020-07-12T18:00:31Z" finished-at="2020-07-12T18:00:32Z">
          <reporter-output>
          </reporter-output>
        </test-method> <!-- testValidGetBookingId -->
        <test-method status="PASS" signature="testValidisPresent()[pri:0, instance:com.mindtree.ticketshere.controller.CancelBookingControllerTest@67bf0480]" name="testValidisPresent" duration-ms="17" started-at="2020-07-12T18:00:32Z" finished-at="2020-07-12T18:00:32Z">
          <reporter-output>
          </reporter-output>
        </test-method> <!-- testValidisPresent -->
        <test-method status="PASS" signature="testinValidisPresent()[pri:0, instance:com.mindtree.ticketshere.controller.CancelBookingControllerTest@67bf0480]" name="testinValidisPresent" duration-ms="104" started-at="2020-07-12T18:00:32Z" finished-at="2020-07-12T18:00:32Z">
          <reporter-output>
          </reporter-output>
        </test-method> <!-- testinValidisPresent -->
      </class> <!-- com.mindtree.ticketshere.controller.CancelBookingControllerTest -->
      <class name="com.mindtree.ticketshere.controller.ForgotPasswordControllerTest">
        <test-method status="PASS" signature="tsetSetup()[pri:0, instance:com.mindtree.ticketshere.controller.ForgotPasswordControllerTest@24c8d8be]" name="tsetSetup" is-config="true" duration-ms="56" started-at="2020-07-12T18:00:36Z" finished-at="2020-07-12T18:00:36Z">
          <reporter-output>
          </reporter-output>
        </test-method> <!-- tsetSetup -->
        <test-method status="PASS" signature="test()[pri:0, instance:com.mindtree.ticketshere.controller.ForgotPasswordControllerTest@24c8d8be]" name="test" duration-ms="1" started-at="2020-07-12T18:00:36Z" finished-at="2020-07-12T18:00:36Z">
          <reporter-output>
          </reporter-output>
        </test-method> <!-- test -->
        <test-method status="PASS" signature="test1()[pri:0, instance:com.mindtree.ticketshere.controller.ForgotPasswordControllerTest@24c8d8be]" name="test1" duration-ms="1" started-at="2020-07-12T18:00:36Z" finished-at="2020-07-12T18:00:36Z">
          <reporter-output>
          </reporter-output>
        </test-method> <!-- test1 -->
        <test-method status="PASS" signature="test2()[pri:0, instance:com.mindtree.ticketshere.controller.ForgotPasswordControllerTest@24c8d8be]" name="test2" duration-ms="1" started-at="2020-07-12T18:00:36Z" finished-at="2020-07-12T18:00:36Z">
          <reporter-output>
          </reporter-output>
        </test-method> <!-- test2 -->
        <test-method status="PASS" signature="test3()[pri:0, instance:com.mindtree.ticketshere.controller.ForgotPasswordControllerTest@24c8d8be]" name="test3" duration-ms="1" started-at="2020-07-12T18:00:36Z" finished-at="2020-07-12T18:00:36Z">
          <reporter-output>
          </reporter-output>
        </test-method> <!-- test3 -->
      </class> <!-- com.mindtree.ticketshere.controller.ForgotPasswordControllerTest -->
      <class name="com.mindtree.ticketshere.service.ForgotPasswordServiceTest">
        <test-method status="PASS" signature="setUp()[pri:0, instance:com.mindtree.ticketshere.service.ForgotPasswordServiceTest@60ed12e8]" name="setUp" is-config="true" duration-ms="21" started-at="2020-07-12T18:00:36Z" finished-at="2020-07-12T18:00:36Z">
          <reporter-output>
          </reporter-output>
        </test-method> <!-- setUp -->
        <test-method status="PASS" signature="isPresentFalse()[pri:0, instance:com.mindtree.ticketshere.service.ForgotPasswordServiceTest@60ed12e8]" name="isPresentFalse" duration-ms="1" started-at="2020-07-12T18:00:36Z" finished-at="2020-07-12T18:00:36Z">
          <reporter-output>
          </reporter-output>
        </test-method> <!-- isPresentFalse -->
        <test-method status="PASS" signature="isPresentTrue()[pri:0, instance:com.mindtree.ticketshere.service.ForgotPasswordServiceTest@60ed12e8]" name="isPresentTrue" duration-ms="0" started-at="2020-07-12T18:00:36Z" finished-at="2020-07-12T18:00:36Z">
          <reporter-output>
          </reporter-output>
        </test-method> <!-- isPresentTrue -->
        <test-method status="PASS" signature="updatePasswordTest()[pri:0, instance:com.mindtree.ticketshere.service.ForgotPasswordServiceTest@60ed12e8]" name="updatePasswordTest" duration-ms="0" started-at="2020-07-12T18:00:36Z" finished-at="2020-07-12T18:00:36Z">
          <reporter-output>
          </reporter-output>
        </test-method> <!-- updatePasswordTest -->
        <test-method status="PASS" signature="verifyOtpTestInvalid()[pri:0, instance:com.mindtree.ticketshere.service.ForgotPasswordServiceTest@60ed12e8]" name="verifyOtpTestInvalid" duration-ms="1" started-at="2020-07-12T18:00:36Z" finished-at="2020-07-12T18:00:36Z">
          <reporter-output>
          </reporter-output>
        </test-method> <!-- verifyOtpTestInvalid -->
      </class> <!-- com.mindtree.ticketshere.service.ForgotPasswordServiceTest -->
      <class name="com.mindtree.ticketshere.service.LoginSignupServiceTest">
        <test-method status="PASS" signature="setUp()[pri:0, instance:com.mindtree.ticketshere.service.LoginSignupServiceTest@5a13fcf3]" name="setUp" is-config="true" duration-ms="10" started-at="2020-07-12T18:00:37Z" finished-at="2020-07-12T18:00:37Z">
          <reporter-output>
          </reporter-output>
        </test-method> <!-- setUp -->
        <test-method status="PASS" signature="isPresentOrganizerTestFalse()[pri:0, instance:com.mindtree.ticketshere.service.LoginSignupServiceTest@5a13fcf3]" name="isPresentOrganizerTestFalse" duration-ms="0" started-at="2020-07-12T18:00:37Z" finished-at="2020-07-12T18:00:37Z">
          <reporter-output>
          </reporter-output>
        </test-method> <!-- isPresentOrganizerTestFalse -->
        <test-method status="PASS" signature="isPresentOrganizerTestTrue()[pri:0, instance:com.mindtree.ticketshere.service.LoginSignupServiceTest@5a13fcf3]" name="isPresentOrganizerTestTrue" duration-ms="0" started-at="2020-07-12T18:00:37Z" finished-at="2020-07-12T18:00:37Z">
          <reporter-output>
          </reporter-output>
        </test-method> <!-- isPresentOrganizerTestTrue -->
        <test-method status="PASS" signature="isPresentUserTestFalse()[pri:0, instance:com.mindtree.ticketshere.service.LoginSignupServiceTest@5a13fcf3]" name="isPresentUserTestFalse" duration-ms="0" started-at="2020-07-12T18:00:37Z" finished-at="2020-07-12T18:00:37Z">
          <reporter-output>
          </reporter-output>
        </test-method> <!-- isPresentUserTestFalse -->
        <test-method status="PASS" signature="isPresentUserTestTrue()[pri:0, instance:com.mindtree.ticketshere.service.LoginSignupServiceTest@5a13fcf3]" name="isPresentUserTestTrue" duration-ms="1" started-at="2020-07-12T18:00:37Z" finished-at="2020-07-12T18:00:37Z">
          <reporter-output>
          </reporter-output>
        </test-method> <!-- isPresentUserTestTrue -->
        <test-method status="PASS" signature="isValidOrganizerTestFalse()[pri:0, instance:com.mindtree.ticketshere.service.LoginSignupServiceTest@5a13fcf3]" name="isValidOrganizerTestFalse" duration-ms="1" started-at="2020-07-12T18:00:37Z" finished-at="2020-07-12T18:00:37Z">
          <reporter-output>
          </reporter-output>
        </test-method> <!-- isValidOrganizerTestFalse -->
        <test-method status="PASS" signature="isValidOrganizerTestTrue()[pri:0, instance:com.mindtree.ticketshere.service.LoginSignupServiceTest@5a13fcf3]" name="isValidOrganizerTestTrue" duration-ms="0" started-at="2020-07-12T18:00:37Z" finished-at="2020-07-12T18:00:37Z">
          <reporter-output>
          </reporter-output>
        </test-method> <!-- isValidOrganizerTestTrue -->
        <test-method status="PASS" signature="isValidUserTestFalse()[pri:0, instance:com.mindtree.ticketshere.service.LoginSignupServiceTest@5a13fcf3]" name="isValidUserTestFalse" duration-ms="1" started-at="2020-07-12T18:00:37Z" finished-at="2020-07-12T18:00:37Z">
          <reporter-output>
          </reporter-output>
        </test-method> <!-- isValidUserTestFalse -->
        <test-method status="PASS" signature="isValidUserTestTrue()[pri:0, instance:com.mindtree.ticketshere.service.LoginSignupServiceTest@5a13fcf3]" name="isValidUserTestTrue" duration-ms="0" started-at="2020-07-12T18:00:37Z" finished-at="2020-07-12T18:00:37Z">
          <reporter-output>
          </reporter-output>
        </test-method> <!-- isValidUserTestTrue -->
      </class> <!-- com.mindtree.ticketshere.service.LoginSignupServiceTest -->
      <class name="com.mindtree.ticketshere.controller.FilterControllerTest">
        <test-method status="PASS" signature="init()[pri:0, instance:com.mindtree.ticketshere.controller.FilterControllerTest@483b0690]" name="init" is-config="true" duration-ms="9" started-at="2020-07-12T18:00:36Z" finished-at="2020-07-12T18:00:36Z">
          <reporter-output>
          </reporter-output>
        </test-method> <!-- init -->
        <test-method status="PASS" signature="getenglishTesting()[pri:0, instance:com.mindtree.ticketshere.controller.FilterControllerTest@483b0690]" name="getenglishTesting" duration-ms="1" started-at="2020-07-12T18:00:36Z" finished-at="2020-07-12T18:00:36Z">
          <reporter-output>
          </reporter-output>
        </test-method> <!-- getenglishTesting -->
        <test-method status="PASS" signature="gethindiTesting()[pri:0, instance:com.mindtree.ticketshere.controller.FilterControllerTest@483b0690]" name="gethindiTesting" duration-ms="1" started-at="2020-07-12T18:00:36Z" finished-at="2020-07-12T18:00:36Z">
          <reporter-output>
          </reporter-output>
        </test-method> <!-- gethindiTesting -->
        <test-method status="PASS" signature="getlanguageTesting()[pri:0, instance:com.mindtree.ticketshere.controller.FilterControllerTest@483b0690]" name="getlanguageTesting" duration-ms="1" started-at="2020-07-12T18:00:36Z" finished-at="2020-07-12T18:00:36Z">
          <reporter-output>
          </reporter-output>
        </test-method> <!-- getlanguageTesting -->
        <test-method status="PASS" signature="getteluguTesting()[pri:0, instance:com.mindtree.ticketshere.controller.FilterControllerTest@483b0690]" name="getteluguTesting" duration-ms="0" started-at="2020-07-12T18:00:36Z" finished-at="2020-07-12T18:00:36Z">
          <reporter-output>
          </reporter-output>
        </test-method> <!-- getteluguTesting -->
      </class> <!-- com.mindtree.ticketshere.controller.FilterControllerTest -->
      <class name="com.mindtree.ticketshere.Dao.SearchDaoTest">
        <test-method status="PASS" signature="springTestContextBeforeTestClass()[pri:0, instance:com.mindtree.ticketshere.Dao.SearchDaoTest@41d16cc3]" name="springTestContextBeforeTestClass" is-config="true" duration-ms="1" started-at="2020-07-12T18:00:37Z" finished-at="2020-07-12T18:00:37Z">
          <reporter-output>
          </reporter-output>
        </test-method> <!-- springTestContextBeforeTestClass -->
        <test-method status="PASS" signature="springTestContextPrepareTestInstance()[pri:0, instance:com.mindtree.ticketshere.Dao.SearchDaoTest@41d16cc3]" name="springTestContextPrepareTestInstance" is-config="true" duration-ms="7" started-at="2020-07-12T18:00:37Z" depends-on-methods="org.springframework.test.context.testng.AbstractTestNGSpringContextTests.springTestContextBeforeTestClass" finished-at="2020-07-12T18:00:37Z">
          <reporter-output>
          </reporter-output>
        </test-method> <!-- springTestContextPrepareTestInstance -->
        <test-method status="PASS" signature="testSetUp()[pri:0, instance:com.mindtree.ticketshere.Dao.SearchDaoTest@41d16cc3]" name="testSetUp" is-config="true" duration-ms="1" started-at="2020-07-12T18:00:37Z" finished-at="2020-07-12T18:00:37Z">
          <reporter-output>
          </reporter-output>
        </test-method> <!-- testSetUp -->
        <test-method status="PASS" signature="springTestContextBeforeTestMethod(java.lang.reflect.Method)[pri:0, instance:com.mindtree.ticketshere.Dao.SearchDaoTest@41d16cc3]" name="springTestContextBeforeTestMethod" is-config="true" duration-ms="4" started-at="2020-07-12T18:00:37Z" finished-at="2020-07-12T18:00:37Z">
          <params>
            <param index="0">
              <value>
                <![CDATA[public void com.mindtree.ticketshere.Dao.SearchDaoTest.getAllEventTest()]]>
              </value>
            </param>
          </params>
          <reporter-output>
          </reporter-output>
        </test-method> <!-- springTestContextBeforeTestMethod -->
        <test-method status="PASS" signature="set()[pri:0, instance:com.mindtree.ticketshere.Dao.SearchDaoTest@41d16cc3]" name="set" is-config="true" duration-ms="3" started-at="2020-07-12T18:00:37Z" finished-at="2020-07-12T18:00:37Z">
          <reporter-output>
          </reporter-output>
        </test-method> <!-- set -->
        <test-method status="PASS" signature="getAllEventTest()[pri:0, instance:com.mindtree.ticketshere.Dao.SearchDaoTest@41d16cc3]" name="getAllEventTest" duration-ms="5" started-at="2020-07-12T18:00:37Z" finished-at="2020-07-12T18:00:37Z">
          <reporter-output>
          </reporter-output>
        </test-method> <!-- getAllEventTest -->
        <test-method status="PASS" signature="springTestContextAfterTestMethod(java.lang.reflect.Method)[pri:0, instance:com.mindtree.ticketshere.Dao.SearchDaoTest@41d16cc3]" name="springTestContextAfterTestMethod" is-config="true" duration-ms="3" started-at="2020-07-12T18:00:37Z" finished-at="2020-07-12T18:00:37Z">
          <params>
            <param index="0">
              <value>
                <![CDATA[public void com.mindtree.ticketshere.Dao.SearchDaoTest.getAllEventTest()]]>
              </value>
            </param>
          </params>
          <reporter-output>
          </reporter-output>
        </test-method> <!-- springTestContextAfterTestMethod -->
        <test-method status="PASS" signature="springTestContextBeforeTestMethod(java.lang.reflect.Method)[pri:0, instance:com.mindtree.ticketshere.Dao.SearchDaoTest@41d16cc3]" name="springTestContextBeforeTestMethod" is-config="true" duration-ms="4" started-at="2020-07-12T18:00:37Z" finished-at="2020-07-12T18:00:37Z">
          <params>
            <param index="0">
              <value>
                <![CDATA[public void com.mindtree.ticketshere.Dao.SearchDaoTest.getAllVenueTest()]]>
              </value>
            </param>
          </params>
          <reporter-output>
          </reporter-output>
        </test-method> <!-- springTestContextBeforeTestMethod -->
        <test-method status="PASS" signature="set()[pri:0, instance:com.mindtree.ticketshere.Dao.SearchDaoTest@41d16cc3]" name="set" is-config="true" duration-ms="3" started-at="2020-07-12T18:00:37Z" finished-at="2020-07-12T18:00:37Z">
          <reporter-output>
          </reporter-output>
        </test-method> <!-- set -->
        <test-method status="PASS" signature="getAllVenueTest()[pri:0, instance:com.mindtree.ticketshere.Dao.SearchDaoTest@41d16cc3]" name="getAllVenueTest" duration-ms="4" started-at="2020-07-12T18:00:37Z" finished-at="2020-07-12T18:00:37Z">
          <reporter-output>
          </reporter-output>
        </test-method> <!-- getAllVenueTest -->
        <test-method status="PASS" signature="springTestContextAfterTestMethod(java.lang.reflect.Method)[pri:0, instance:com.mindtree.ticketshere.Dao.SearchDaoTest@41d16cc3]" name="springTestContextAfterTestMethod" is-config="true" duration-ms="2" started-at="2020-07-12T18:00:37Z" finished-at="2020-07-12T18:00:37Z">
          <params>
            <param index="0">
              <value>
                <![CDATA[public void com.mindtree.ticketshere.Dao.SearchDaoTest.getAllVenueTest()]]>
              </value>
            </param>
          </params>
          <reporter-output>
          </reporter-output>
        </test-method> <!-- springTestContextAfterTestMethod -->
        <test-method status="PASS" signature="springTestContextBeforeTestMethod(java.lang.reflect.Method)[pri:0, instance:com.mindtree.ticketshere.Dao.SearchDaoTest@41d16cc3]" name="springTestContextBeforeTestMethod" is-config="true" duration-ms="3" started-at="2020-07-12T18:00:37Z" finished-at="2020-07-12T18:00:37Z">
          <params>
            <param index="0">
              <value>
                <![CDATA[public void com.mindtree.ticketshere.Dao.SearchDaoTest.getEventByTypeTest()]]>
              </value>
            </param>
          </params>
          <reporter-output>
          </reporter-output>
        </test-method> <!-- springTestContextBeforeTestMethod -->
        <test-method status="PASS" signature="set()[pri:0, instance:com.mindtree.ticketshere.Dao.SearchDaoTest@41d16cc3]" name="set" is-config="true" duration-ms="3" started-at="2020-07-12T18:00:37Z" finished-at="2020-07-12T18:00:37Z">
          <reporter-output>
          </reporter-output>
        </test-method> <!-- set -->
        <test-method status="PASS" signature="getEventByTypeTest()[pri:0, instance:com.mindtree.ticketshere.Dao.SearchDaoTest@41d16cc3]" name="getEventByTypeTest" duration-ms="7" started-at="2020-07-12T18:00:37Z" finished-at="2020-07-12T18:00:37Z">
          <reporter-output>
          </reporter-output>
        </test-method> <!-- getEventByTypeTest -->
        <test-method status="PASS" signature="springTestContextAfterTestMethod(java.lang.reflect.Method)[pri:0, instance:com.mindtree.ticketshere.Dao.SearchDaoTest@41d16cc3]" name="springTestContextAfterTestMethod" is-config="true" duration-ms="2" started-at="2020-07-12T18:00:37Z" finished-at="2020-07-12T18:00:37Z">
          <params>
            <param index="0">
              <value>
                <![CDATA[public void com.mindtree.ticketshere.Dao.SearchDaoTest.getEventByTypeTest()]]>
              </value>
            </param>
          </params>
          <reporter-output>
          </reporter-output>
        </test-method> <!-- springTestContextAfterTestMethod -->
        <test-method status="PASS" signature="springTestContextBeforeTestMethod(java.lang.reflect.Method)[pri:0, instance:com.mindtree.ticketshere.Dao.SearchDaoTest@41d16cc3]" name="springTestContextBeforeTestMethod" is-config="true" duration-ms="3" started-at="2020-07-12T18:00:37Z" finished-at="2020-07-12T18:00:37Z">
          <params>
            <param index="0">
              <value>
                <![CDATA[public void com.mindtree.ticketshere.Dao.SearchDaoTest.getEventByVenueTest()]]>
              </value>
            </param>
          </params>
          <reporter-output>
          </reporter-output>
        </test-method> <!-- springTestContextBeforeTestMethod -->
        <test-method status="PASS" signature="set()[pri:0, instance:com.mindtree.ticketshere.Dao.SearchDaoTest@41d16cc3]" name="set" is-config="true" duration-ms="14" started-at="2020-07-12T18:00:37Z" finished-at="2020-07-12T18:00:37Z">
          <reporter-output>
          </reporter-output>
        </test-method> <!-- set -->
        <test-method status="PASS" signature="getEventByVenueTest()[pri:0, instance:com.mindtree.ticketshere.Dao.SearchDaoTest@41d16cc3]" name="getEventByVenueTest" duration-ms="64" started-at="2020-07-12T18:00:37Z" finished-at="2020-07-12T18:00:37Z">
          <reporter-output>
          </reporter-output>
        </test-method> <!-- getEventByVenueTest -->
        <test-method status="PASS" signature="springTestContextAfterTestMethod(java.lang.reflect.Method)[pri:0, instance:com.mindtree.ticketshere.Dao.SearchDaoTest@41d16cc3]" name="springTestContextAfterTestMethod" is-config="true" duration-ms="3" started-at="2020-07-12T18:00:37Z" finished-at="2020-07-12T18:00:37Z">
          <params>
            <param index="0">
              <value>
                <![CDATA[public void com.mindtree.ticketshere.Dao.SearchDaoTest.getEventByVenueTest()]]>
              </value>
            </param>
          </params>
          <reporter-output>
          </reporter-output>
        </test-method> <!-- springTestContextAfterTestMethod -->
        <test-method status="PASS" signature="springTestContextAfterTestClass()[pri:0, instance:com.mindtree.ticketshere.Dao.SearchDaoTest@41d16cc3]" name="springTestContextAfterTestClass" is-config="true" duration-ms="1" started-at="2020-07-12T18:00:37Z" finished-at="2020-07-12T18:00:37Z">
          <reporter-output>
          </reporter-output>
        </test-method> <!-- springTestContextAfterTestClass -->
      </class> <!-- com.mindtree.ticketshere.Dao.SearchDaoTest -->
      <class name="com.mindtree.ticketshere.service.EventServiceTest">
        <test-method status="PASS" signature="init()[pri:0, instance:com.mindtree.ticketshere.service.EventServiceTest@5503de1]" name="init" is-config="true" duration-ms="45" started-at="2020-07-12T18:00:36Z" finished-at="2020-07-12T18:00:36Z">
          <reporter-output>
          </reporter-output>
        </test-method> <!-- init -->
        <test-method status="PASS" signature="displayTesting()[pri:0, instance:com.mindtree.ticketshere.service.EventServiceTest@5503de1]" name="displayTesting" duration-ms="0" started-at="2020-07-12T18:00:36Z" finished-at="2020-07-12T18:00:36Z">
          <reporter-output>
          </reporter-output>
        </test-method> <!-- displayTesting -->
        <test-method status="PASS" signature="displayengTesting()[pri:0, instance:com.mindtree.ticketshere.service.EventServiceTest@5503de1]" name="displayengTesting" duration-ms="0" started-at="2020-07-12T18:00:36Z" finished-at="2020-07-12T18:00:36Z">
          <reporter-output>
          </reporter-output>
        </test-method> <!-- displayengTesting -->
        <test-method status="PASS" signature="displayhinTesting()[pri:0, instance:com.mindtree.ticketshere.service.EventServiceTest@5503de1]" name="displayhinTesting" duration-ms="0" started-at="2020-07-12T18:00:36Z" finished-at="2020-07-12T18:00:36Z">
          <reporter-output>
          </reporter-output>
        </test-method> <!-- displayhinTesting -->
        <test-method status="PASS" signature="displaytelTesting()[pri:0, instance:com.mindtree.ticketshere.service.EventServiceTest@5503de1]" name="displaytelTesting" duration-ms="0" started-at="2020-07-12T18:00:36Z" finished-at="2020-07-12T18:00:36Z">
          <reporter-output>
          </reporter-output>
        </test-method> <!-- displaytelTesting -->
      </class> <!-- com.mindtree.ticketshere.service.EventServiceTest -->
      <class name="com.mindtree.ticketshere.Dao.EventDaoImplTest">
        <test-method status="PASS" signature="springTestContextBeforeTestClass()[pri:0, instance:com.mindtree.ticketshere.Dao.EventDaoImplTest@4816ee24]" name="springTestContextBeforeTestClass" is-config="true" duration-ms="2" started-at="2020-07-12T18:00:32Z" finished-at="2020-07-12T18:00:32Z">
          <reporter-output>
          </reporter-output>
        </test-method> <!-- springTestContextBeforeTestClass -->
        <test-method status="PASS" signature="springTestContextPrepareTestInstance()[pri:0, instance:com.mindtree.ticketshere.Dao.EventDaoImplTest@4816ee24]" name="springTestContextPrepareTestInstance" is-config="true" duration-ms="3767" started-at="2020-07-12T18:00:32Z" depends-on-methods="org.springframework.test.context.testng.AbstractTestNGSpringContextTests.springTestContextBeforeTestClass" finished-at="2020-07-12T18:00:35Z">
          <reporter-output>
          </reporter-output>
        </test-method> <!-- springTestContextPrepareTestInstance -->
        <test-method status="PASS" signature="testSetUp()[pri:0, instance:com.mindtree.ticketshere.Dao.EventDaoImplTest@4816ee24]" name="testSetUp" is-config="true" duration-ms="0" started-at="2020-07-12T18:00:35Z" finished-at="2020-07-12T18:00:35Z">
          <reporter-output>
          </reporter-output>
        </test-method> <!-- testSetUp -->
        <test-method status="PASS" signature="springTestContextBeforeTestMethod(java.lang.reflect.Method)[pri:0, instance:com.mindtree.ticketshere.Dao.EventDaoImplTest@4816ee24]" name="springTestContextBeforeTestMethod" is-config="true" duration-ms="129" started-at="2020-07-12T18:00:35Z" finished-at="2020-07-12T18:00:36Z">
          <params>
            <param index="0">
              <value>
                <![CDATA[public void com.mindtree.ticketshere.Dao.EventDaoImplTest.showTest()]]>
              </value>
            </param>
          </params>
          <reporter-output>
          </reporter-output>
        </test-method> <!-- springTestContextBeforeTestMethod -->
        <test-method status="PASS" signature="set()[pri:0, instance:com.mindtree.ticketshere.Dao.EventDaoImplTest@4816ee24]" name="set" is-config="true" duration-ms="177" started-at="2020-07-12T18:00:36Z" finished-at="2020-07-12T18:00:36Z">
          <reporter-output>
          </reporter-output>
        </test-method> <!-- set -->
        <test-method status="PASS" signature="showTest()[pri:0, instance:com.mindtree.ticketshere.Dao.EventDaoImplTest@4816ee24]" name="showTest" duration-ms="212" started-at="2020-07-12T18:00:36Z" finished-at="2020-07-12T18:00:36Z">
          <reporter-output>
          </reporter-output>
        </test-method> <!-- showTest -->
        <test-method status="PASS" signature="springTestContextAfterTestMethod(java.lang.reflect.Method)[pri:0, instance:com.mindtree.ticketshere.Dao.EventDaoImplTest@4816ee24]" name="springTestContextAfterTestMethod" is-config="true" duration-ms="11" started-at="2020-07-12T18:00:36Z" finished-at="2020-07-12T18:00:36Z">
          <params>
            <param index="0">
              <value>
                <![CDATA[public void com.mindtree.ticketshere.Dao.EventDaoImplTest.showTest()]]>
              </value>
            </param>
          </params>
          <reporter-output>
          </reporter-output>
        </test-method> <!-- springTestContextAfterTestMethod -->
        <test-method status="PASS" signature="springTestContextBeforeTestMethod(java.lang.reflect.Method)[pri:0, instance:com.mindtree.ticketshere.Dao.EventDaoImplTest@4816ee24]" name="springTestContextBeforeTestMethod" is-config="true" duration-ms="4" started-at="2020-07-12T18:00:36Z" finished-at="2020-07-12T18:00:36Z">
          <params>
            <param index="0">
              <value>
                <![CDATA[public void com.mindtree.ticketshere.Dao.EventDaoImplTest.showengTest()]]>
              </value>
            </param>
          </params>
          <reporter-output>
          </reporter-output>
        </test-method> <!-- springTestContextBeforeTestMethod -->
        <test-method status="PASS" signature="set()[pri:0, instance:com.mindtree.ticketshere.Dao.EventDaoImplTest@4816ee24]" name="set" is-config="true" duration-ms="25" started-at="2020-07-12T18:00:36Z" finished-at="2020-07-12T18:00:36Z">
          <reporter-output>
          </reporter-output>
        </test-method> <!-- set -->
        <test-method status="PASS" signature="showengTest()[pri:0, instance:com.mindtree.ticketshere.Dao.EventDaoImplTest@4816ee24]" name="showengTest" duration-ms="25" started-at="2020-07-12T18:00:36Z" finished-at="2020-07-12T18:00:36Z">
          <reporter-output>
          </reporter-output>
        </test-method> <!-- showengTest -->
        <test-method status="PASS" signature="springTestContextAfterTestMethod(java.lang.reflect.Method)[pri:0, instance:com.mindtree.ticketshere.Dao.EventDaoImplTest@4816ee24]" name="springTestContextAfterTestMethod" is-config="true" duration-ms="2" started-at="2020-07-12T18:00:36Z" finished-at="2020-07-12T18:00:36Z">
          <params>
            <param index="0">
              <value>
                <![CDATA[public void com.mindtree.ticketshere.Dao.EventDaoImplTest.showengTest()]]>
              </value>
            </param>
          </params>
          <reporter-output>
          </reporter-output>
        </test-method> <!-- springTestContextAfterTestMethod -->
        <test-method status="PASS" signature="springTestContextBeforeTestMethod(java.lang.reflect.Method)[pri:0, instance:com.mindtree.ticketshere.Dao.EventDaoImplTest@4816ee24]" name="springTestContextBeforeTestMethod" is-config="true" duration-ms="3" started-at="2020-07-12T18:00:36Z" finished-at="2020-07-12T18:00:36Z">
          <params>
            <param index="0">
              <value>
                <![CDATA[public void com.mindtree.ticketshere.Dao.EventDaoImplTest.showhinTest()]]>
              </value>
            </param>
          </params>
          <reporter-output>
          </reporter-output>
        </test-method> <!-- springTestContextBeforeTestMethod -->
        <test-method status="PASS" signature="set()[pri:0, instance:com.mindtree.ticketshere.Dao.EventDaoImplTest@4816ee24]" name="set" is-config="true" duration-ms="19" started-at="2020-07-12T18:00:36Z" finished-at="2020-07-12T18:00:36Z">
          <reporter-output>
          </reporter-output>
        </test-method> <!-- set -->
        <test-method status="PASS" signature="showhinTest()[pri:0, instance:com.mindtree.ticketshere.Dao.EventDaoImplTest@4816ee24]" name="showhinTest" duration-ms="4" started-at="2020-07-12T18:00:36Z" finished-at="2020-07-12T18:00:36Z">
          <reporter-output>
          </reporter-output>
        </test-method> <!-- showhinTest -->
        <test-method status="PASS" signature="springTestContextAfterTestMethod(java.lang.reflect.Method)[pri:0, instance:com.mindtree.ticketshere.Dao.EventDaoImplTest@4816ee24]" name="springTestContextAfterTestMethod" is-config="true" duration-ms="2" started-at="2020-07-12T18:00:36Z" finished-at="2020-07-12T18:00:36Z">
          <params>
            <param index="0">
              <value>
                <![CDATA[public void com.mindtree.ticketshere.Dao.EventDaoImplTest.showhinTest()]]>
              </value>
            </param>
          </params>
          <reporter-output>
          </reporter-output>
        </test-method> <!-- springTestContextAfterTestMethod -->
        <test-method status="PASS" signature="springTestContextBeforeTestMethod(java.lang.reflect.Method)[pri:0, instance:com.mindtree.ticketshere.Dao.EventDaoImplTest@4816ee24]" name="springTestContextBeforeTestMethod" is-config="true" duration-ms="4" started-at="2020-07-12T18:00:36Z" finished-at="2020-07-12T18:00:36Z">
          <params>
            <param index="0">
              <value>
                <![CDATA[public void com.mindtree.ticketshere.Dao.EventDaoImplTest.showtelTest()]]>
              </value>
            </param>
          </params>
          <reporter-output>
          </reporter-output>
        </test-method> <!-- springTestContextBeforeTestMethod -->
        <test-method status="PASS" signature="set()[pri:0, instance:com.mindtree.ticketshere.Dao.EventDaoImplTest@4816ee24]" name="set" is-config="true" duration-ms="20" started-at="2020-07-12T18:00:36Z" finished-at="2020-07-12T18:00:36Z">
          <reporter-output>
          </reporter-output>
        </test-method> <!-- set -->
        <test-method status="PASS" signature="showtelTest()[pri:0, instance:com.mindtree.ticketshere.Dao.EventDaoImplTest@4816ee24]" name="showtelTest" duration-ms="14" started-at="2020-07-12T18:00:36Z" finished-at="2020-07-12T18:00:36Z">
          <reporter-output>
          </reporter-output>
        </test-method> <!-- showtelTest -->
        <test-method status="PASS" signature="springTestContextAfterTestMethod(java.lang.reflect.Method)[pri:0, instance:com.mindtree.ticketshere.Dao.EventDaoImplTest@4816ee24]" name="springTestContextAfterTestMethod" is-config="true" duration-ms="3" started-at="2020-07-12T18:00:36Z" finished-at="2020-07-12T18:00:36Z">
          <params>
            <param index="0">
              <value>
                <![CDATA[public void com.mindtree.ticketshere.Dao.EventDaoImplTest.showtelTest()]]>
              </value>
            </param>
          </params>
          <reporter-output>
          </reporter-output>
        </test-method> <!-- springTestContextAfterTestMethod -->
        <test-method status="PASS" signature="springTestContextAfterTestClass()[pri:0, instance:com.mindtree.ticketshere.Dao.EventDaoImplTest@4816ee24]" name="springTestContextAfterTestClass" is-config="true" duration-ms="0" started-at="2020-07-12T18:00:36Z" finished-at="2020-07-12T18:00:36Z">
          <reporter-output>
          </reporter-output>
        </test-method> <!-- springTestContextAfterTestClass -->
      </class> <!-- com.mindtree.ticketshere.Dao.EventDaoImplTest -->
    </test> <!-- Command line test -->
  </suite> <!-- Command line suite -->
</testng-results>
