<?xml version="1.0" encoding="UTF-8" ?>
<testsuite tests="58" failures="0" name="TestSuite" time="0.676" errors="0" skipped="0">
  <properties>
[...]
</properties>
  <testcase classname="com.mindtree.ticketshere.controller.CancelBookingControllerTest" name="testValidGetBookingId" time="0.044"/>
  <testcase classname="com.mindtree.ticketshere.controller.CancelBookingControllerTest" name="testValidisPresent" time="0.006"/>
  <testcase classname="com.mindtree.ticketshere.controller.CancelBookingControllerTest" name="testinValidisPresent" time="0.1"/>
  <testcase classname="com.mindtree.ticketshere.Dao.EventDaoImplTest" name="showTest" time="0.217"/>
  <testcase classname="com.mindtree.ticketshere.Dao.EventDaoImplTest" name="showengTest" time="0.025"/>
  <testcase classname="com.mindtree.ticketshere.Dao.EventDaoImplTest" name="showhinTest" time="0.005"/>
  <testcase classname="com.mindtree.ticketshere.Dao.EventDaoImplTest" name="showtelTest" time="0.015"/>
  <testcase classname="com.mindtree.ticketshere.service.EventServiceTest" name="displayTesting" time="0.002"/>
  <testcase classname="com.mindtree.ticketshere.service.EventServiceTest" name="displayengTesting" time="0"/>
  <testcase classname="com.mindtree.ticketshere.service.EventServiceTest" name="displayhinTesting" time="0"/>
  <testcase classname="com.mindtree.ticketshere.service.EventServiceTest" name="displaytelTesting" time="0"/>
  <testcase classname="com.mindtree.ticketshere.controller.FeedbackControllerTest" name="test" time="0.123"/>
  <testcase classname="com.mindtree.ticketshere.controller.FilterControllerTest" name="getenglishTesting" time="0"/>
  <testcase classname="com.mindtree.ticketshere.controller.FilterControllerTest" name="gethindiTesting" time="0"/>
  <testcase classname="com.mindtree.ticketshere.controller.FilterControllerTest" name="getlanguageTesting" time="0.001"/>
  <testcase classname="com.mindtree.ticketshere.controller.FilterControllerTest" name="getteluguTesting" time="0.001"/>
  <testcase classname="com.mindtree.ticketshere.controller.ForgotPasswordControllerTest" name="test" time="0.001"/>
  <testcase classname="com.mindtree.ticketshere.controller.ForgotPasswordControllerTest" name="test1" time="0.001"/>
  <testcase classname="com.mindtree.ticketshere.controller.ForgotPasswordControllerTest" name="test2" time="0.001"/>
  <testcase classname="com.mindtree.ticketshere.controller.ForgotPasswordControllerTest" name="test3" time="0.001"/>
  <testcase classname="com.mindtree.ticketshere.service.ForgotPasswordServiceTest" name="isPresentFalse" time="0"/>
  <testcase classname="com.mindtree.ticketshere.service.ForgotPasswordServiceTest" name="isPresentTrue" time="0"/>
  <testcase classname="com.mindtree.ticketshere.service.ForgotPasswordServiceTest" name="updatePasswordTest" time="0"/>
  <testcase classname="com.mindtree.ticketshere.service.ForgotPasswordServiceTest" name="verifyOtpTestInvalid" time="0"/>
  <testcase classname="com.mindtree.ticketshere.Dao.LoginSignUpDaoTest" name="isPresentOrganizerTest" time="0.006"/>
  <testcase classname="com.mindtree.ticketshere.Dao.LoginSignUpDaoTest" name="isPresentTest" time="0.005"/>
  <testcase classname="com.mindtree.ticketshere.Dao.LoginSignUpDaoTest" name="isValidOrgainizerTest" time="0.002"/>
  <testcase classname="com.mindtree.ticketshere.Dao.LoginSignUpDaoTest" name="isValidTest" time="0.002"/>
  <testcase classname="com.mindtree.ticketshere.controller.LoginSignupControllerTest" name="testInValidSignupOrganiser" time="0.001"/>
  <testcase classname="com.mindtree.ticketshere.controller.LoginSignupControllerTest" name="testInvalidLogin" time="0.001"/>
  <testcase classname="com.mindtree.ticketshere.controller.LoginSignupControllerTest" name="testInvalidLoginOrganizer" time="0"/>
  <testcase classname="com.mindtree.ticketshere.controller.LoginSignupControllerTest" name="testInvalidLoginOrganizer2" time="0"/>
  <testcase classname="com.mindtree.ticketshere.controller.LoginSignupControllerTest" name="testValidSignup" time="0.002"/>
  <testcase classname="com.mindtree.ticketshere.controller.LoginSignupControllerTest" name="testValidSignupOrganiser" time="0.001"/>
  <testcase classname="com.mindtree.ticketshere.controller.LoginSignupControllerTest" name="testinValidSignup" time="0.001"/>
  <testcase classname="com.mindtree.ticketshere.service.LoginSignupServiceTest" name="isPresentOrganizerTestFalse" time="0.001"/>
  <testcase classname="com.mindtree.ticketshere.service.LoginSignupServiceTest" name="isPresentOrganizerTestTrue" time="0.001"/>
  <testcase classname="com.mindtree.ticketshere.service.LoginSignupServiceTest" name="isPresentUserTestFalse" time="0"/>
  <testcase classname="com.mindtree.ticketshere.service.LoginSignupServiceTest" name="isPresentUserTestTrue" time="0"/>
  <testcase classname="com.mindtree.ticketshere.service.LoginSignupServiceTest" name="isValidOrganizerTestFalse" time="0.001"/>
  <testcase classname="com.mindtree.ticketshere.service.LoginSignupServiceTest" name="isValidOrganizerTestTrue" time="0.001"/>
  <testcase classname="com.mindtree.ticketshere.service.LoginSignupServiceTest" name="isValidUserTestFalse" time="0.001"/>
  <testcase classname="com.mindtree.ticketshere.service.LoginSignupServiceTest" name="isValidUserTestTrue" time="0.001"/>
  <testcase classname="com.mindtree.ticketshere.controller.SearchControllerTest" name="searchTest" time="0.001"/>
  <testcase classname="com.mindtree.ticketshere.Dao.SearchDaoTest" name="getAllEventTest" time="0.005"/>
  <testcase classname="com.mindtree.ticketshere.Dao.SearchDaoTest" name="getAllVenueTest" time="0.005"/>
  <testcase classname="com.mindtree.ticketshere.Dao.SearchDaoTest" name="getEventByTypeTest" time="0.009"/>
  <testcase classname="com.mindtree.ticketshere.Dao.SearchDaoTest" name="getEventByVenueTest" time="0.065"/>
  <testcase classname="com.mindtree.ticketshere.service.SearchServiceTest" name="getAllEventTest" time="0.001"/>
  <testcase classname="com.mindtree.ticketshere.service.SearchServiceTest" name="getParticularEventTest" time="0.002"/>
  <testcase classname="com.mindtree.ticketshere.controller.TicketsHereControllerTest" name="getSpecificEventTesting" time="0.001"/>
  <testcase classname="com.mindtree.ticketshere.controller.TicketsHereControllerTest" name="ticketsHereTesting" time="0.001"/>
  <testcase classname="com.mindtree.ticketshere.controller.TicketsHereControllerTest" name="updateTicketTesting" time="0.001"/>
  <testcase classname="com.mindtree.ticketshere.Dao.TicketsHereDaoImplTest" name="getEventTest" time="0.006"/>
  <testcase classname="com.mindtree.ticketshere.Dao.TicketsHereDaoImplTest" name="getSpecificEventTest" time="0.006"/>
  <testcase classname="com.mindtree.ticketshere.service.TicketsHereServiceImplTest" name="getSpecificEventTesting" time="0.001"/>
  <testcase classname="com.mindtree.ticketshere.service.TicketsHereServiceImplTest" name="ticketsHereTesting" time="0"/>
  <testcase classname="com.mindtree.ticketshere.service.TicketsHereServiceImplTest" name="updateTicketTesting" time="0.002"/>
</testsuite>